2026-06-06 08:56:50 | [1mSOC_EMAIL[0m | [96m[DEBUG][0m | Attempting to send 2FA code to: test@test.com
2026-06-06 08:56:50 | [1mSOC_EMAIL[0m | [92m[INFO][0m | 📧 SENDING 2FA CODE EMAIL | Recipient: test@test.com
2026-06-06 08:56:52 | [1mSOC_EMAIL[0m | [91m[ERROR][0m | ❌ FAILED TO SEND 2FA CODE EMAIL | Recipient: test@test.com | Error: (535, b'5.7.8 Username and Password not accepted. For more information, go to\n5.7.8  https://support.google.com/mail/?p=BadCredentials d2e1a72fcca58-8428221c3e4sm12138126b3a.5 - gsmtp')
Traceback (most recent call last):
  File "/workspace/app/utils/email.py", line 30, in send_2fa_code_email
    mail.send(msg)
  File "/usr/local/lib/python3.12/site-packages/flask_mail.py", line 491, in send
    with self.connect() as connection:
         ^^^^^^^^^^^^^^
  File "/usr/local/lib/python3.12/site-packages/flask_mail.py", line 144, in __enter__
    self.host = self.configure_host()
                ^^^^^^^^^^^^^^^^^^^^^
  File "/usr/local/lib/python3.12/site-packages/flask_mail.py", line 165, in configure_host
    host.login(self.mail.username, self.mail.password)
  File "/usr/local/lib/python3.12/smtplib.py", line 750, in login
    raise last_exception
  File "/usr/local/lib/python3.12/smtplib.py", line 739, in login
    (code, resp) = self.auth(
                   ^^^^^^^^^^
  File "/usr/local/lib/python3.12/smtplib.py", line 662, in auth
    raise SMTPAuthenticationError(code, resp)
smtplib.SMTPAuthenticationError: (535, b'5.7.8 Username and Password not accepted. For more information, go to\n5.7.8  https://support.google.com/mail/?p=BadCredentials d2e1a72fcca58-8428221c3e4sm12138126b3a.5 - gsmtp')
2026-06-06 08:58:09 | [1mSOC_EMAIL[0m | [96m[DEBUG][0m | Attempting to send 2FA code to: admin@socdashboard.com
2026-06-06 08:58:09 | [1mSOC_EMAIL[0m | [92m[INFO][0m | 📧 SENDING 2FA CODE EMAIL | Recipient: admin@socdashboard.com
2026-06-06 08:58:11 | [1mSOC_EMAIL[0m | [91m[ERROR][0m | ❌ FAILED TO SEND 2FA CODE EMAIL | Recipient: admin@socdashboard.com | Error: (535, b'5.7.8 Username and Password not accepted. For more information, go to\n5.7.8  https://support.google.com/mail/?p=BadCredentials 98e67ed59e1d1-371358615aesm2942004a91.2 - gsmtp')
Traceback (most recent call last):
  File "/workspace/app/utils/email.py", line 30, in send_2fa_code_email
    mail.send(msg)
  File "/usr/local/lib/python3.12/site-packages/flask_mail.py", line 491, in send
    with self.connect() as connection:
         ^^^^^^^^^^^^^^
  File "/usr/local/lib/python3.12/site-packages/flask_mail.py", line 144, in __enter__
    self.host = self.configure_host()
                ^^^^^^^^^^^^^^^^^^^^^
  File "/usr/local/lib/python3.12/site-packages/flask_mail.py", line 165, in configure_host
    host.login(self.mail.username, self.mail.password)
  File "/usr/local/lib/python3.12/smtplib.py", line 750, in login
    raise last_exception
  File "/usr/local/lib/python3.12/smtplib.py", line 739, in login
    (code, resp) = self.auth(
                   ^^^^^^^^^^
  File "/usr/local/lib/python3.12/smtplib.py", line 662, in auth
    raise SMTPAuthenticationError(code, resp)
smtplib.SMTPAuthenticationError: (535, b'5.7.8 Username and Password not accepted. For more information, go to\n5.7.8  https://support.google.com/mail/?p=BadCredentials 98e67ed59e1d1-371358615aesm2942004a91.2 - gsmtp')
2026-06-06 08:58:16 | [1mSOC_EMAIL[0m | [96m[DEBUG][0m | Attempting to send 2FA code to: admin@socdashboard.com
2026-06-06 08:58:16 | [1mSOC_EMAIL[0m | [92m[INFO][0m | 📧 SENDING 2FA CODE EMAIL | Recipient: admin@socdashboard.com
2026-06-06 08:58:18 | [1mSOC_EMAIL[0m | [91m[ERROR][0m | ❌ FAILED TO SEND 2FA CODE EMAIL | Recipient: admin@socdashboard.com | Error: (535, b'5.7.8 Username and Password not accepted. For more information, go to\n5.7.8  https://support.google.com/mail/?p=BadCredentials d9443c01a7336-2c164f875casm118919835ad.22 - gsmtp')
Traceback (most recent call last):
  File "/workspace/app/utils/email.py", line 30, in send_2fa_code_email
    mail.send(msg)
  File "/usr/local/lib/python3.12/site-packages/flask_mail.py", line 491, in send
    with self.connect() as connection:
         ^^^^^^^^^^^^^^
  File "/usr/local/lib/python3.12/site-packages/flask_mail.py", line 144, in __enter__
    self.host = self.configure_host()
                ^^^^^^^^^^^^^^^^^^^^^
  File "/usr/local/lib/python3.12/site-packages/flask_mail.py", line 165, in configure_host
    host.login(self.mail.username, self.mail.password)
  File "/usr/local/lib/python3.12/smtplib.py", line 750, in login
    raise last_exception
  File "/usr/local/lib/python3.12/smtplib.py", line 739, in login
    (code, resp) = self.auth(
                   ^^^^^^^^^^
  File "/usr/local/lib/python3.12/smtplib.py", line 662, in auth
    raise SMTPAuthenticationError(code, resp)
smtplib.SMTPAuthenticationError: (535, b'5.7.8 Username and Password not accepted. For more information, go to\n5.7.8  https://support.google.com/mail/?p=BadCredentials d9443c01a7336-2c164f875casm118919835ad.22 - gsmtp')
2026-06-06 08:58:53 | [1mSOC_EMAIL[0m | [96m[DEBUG][0m | Attempting to send 2FA code to: admin@socdashboard.com
2026-06-06 08:58:53 | [1mSOC_EMAIL[0m | [92m[INFO][0m | 📧 SENDING 2FA CODE EMAIL | Recipient: admin@socdashboard.com
2026-06-06 08:58:55 | [1mSOC_EMAIL[0m | [91m[ERROR][0m | ❌ FAILED TO SEND 2FA CODE EMAIL | Recipient: admin@socdashboard.com | Error: (535, b'5.7.8 Username and Password not accepted. For more information, go to\n5.7.8  https://support.google.com/mail/?p=BadCredentials 41be03b00d2f7-c85df032df5sm9881488a12.6 - gsmtp')
Traceback (most recent call last):
  File "/workspace/app/utils/email.py", line 30, in send_2fa_code_email
    mail.send(msg)
  File "/usr/local/lib/python3.12/site-packages/flask_mail.py", line 491, in send
    with self.connect() as connection:
         ^^^^^^^^^^^^^^
  File "/usr/local/lib/python3.12/site-packages/flask_mail.py", line 144, in __enter__
    self.host = self.configure_host()
                ^^^^^^^^^^^^^^^^^^^^^
  File "/usr/local/lib/python3.12/site-packages/flask_mail.py", line 165, in configure_host
    host.login(self.mail.username, self.mail.password)
  File "/usr/local/lib/python3.12/smtplib.py", line 750, in login
    raise last_exception
  File "/usr/local/lib/python3.12/smtplib.py", line 739, in login
    (code, resp) = self.auth(
                   ^^^^^^^^^^
  File "/usr/local/lib/python3.12/smtplib.py", line 662, in auth
    raise SMTPAuthenticationError(code, resp)
smtplib.SMTPAuthenticationError: (535, b'5.7.8 Username and Password not accepted. For more information, go to\n5.7.8  https://support.google.com/mail/?p=BadCredentials 41be03b00d2f7-c85df032df5sm9881488a12.6 - gsmtp')
2026-06-06 09:31:33 | [1mSOC_EMAIL[0m | [96m[DEBUG][0m | Attempting to send 2FA code to: admin@socdashboard.com
2026-06-06 09:31:33 | [1mSOC_EMAIL[0m | [92m[INFO][0m | 📧 SENDING 2FA CODE EMAIL | Recipient: admin@socdashboard.com
2026-06-06 09:31:35 | [1mSOC_EMAIL[0m | [91m[ERROR][0m | ❌ FAILED TO SEND 2FA CODE EMAIL | Recipient: admin@socdashboard.com | Error: (535, b'5.7.8 Username and Password not accepted. For more information, go to\n5.7.8  https://support.google.com/mail/?p=BadCredentials 98e67ed59e1d1-36f6dba8573sm12200130a91.14 - gsmtp')
Traceback (most recent call last):
  File "/workspace/app/utils/email.py", line 30, in send_2fa_code_email
    mail.send(msg)
  File "/usr/local/lib/python3.12/site-packages/flask_mail.py", line 491, in send
    with self.connect() as connection:
         ^^^^^^^^^^^^^^
  File "/usr/local/lib/python3.12/site-packages/flask_mail.py", line 144, in __enter__
    self.host = self.configure_host()
                ^^^^^^^^^^^^^^^^^^^^^
  File "/usr/local/lib/python3.12/site-packages/flask_mail.py", line 165, in configure_host
    host.login(self.mail.username, self.mail.password)
  File "/usr/local/lib/python3.12/smtplib.py", line 750, in login
    raise last_exception
  File "/usr/local/lib/python3.12/smtplib.py", line 739, in login
    (code, resp) = self.auth(
                   ^^^^^^^^^^
  File "/usr/local/lib/python3.12/smtplib.py", line 662, in auth
    raise SMTPAuthenticationError(code, resp)
smtplib.SMTPAuthenticationError: (535, b'5.7.8 Username and Password not accepted. For more information, go to\n5.7.8  https://support.google.com/mail/?p=BadCredentials 98e67ed59e1d1-36f6dba8573sm12200130a91.14 - gsmtp')
2026-06-06 09:31:49 | [1mSOC_EMAIL[0m | [96m[DEBUG][0m | Attempting to send 2FA code to: admin@socdashboard.com
2026-06-06 09:31:49 | [1mSOC_EMAIL[0m | [92m[INFO][0m | 📧 SENDING 2FA CODE EMAIL | Recipient: admin@socdashboard.com
2026-06-06 09:31:50 | [1mSOC_EMAIL[0m | [91m[ERROR][0m | ❌ FAILED TO SEND 2FA CODE EMAIL | Recipient: admin@socdashboard.com | Error: (535, b'5.7.8 Username and Password not accepted. For more information, go to\n5.7.8  https://support.google.com/mail/?p=BadCredentials d2e1a72fcca58-842829188b9sm12233915b3a.59 - gsmtp')
Traceback (most recent call last):
  File "/workspace/app/utils/email.py", line 30, in send_2fa_code_email
    mail.send(msg)
  File "/usr/local/lib/python3.12/site-packages/flask_mail.py", line 491, in send
    with self.connect() as connection:
         ^^^^^^^^^^^^^^
  File "/usr/local/lib/python3.12/site-packages/flask_mail.py", line 144, in __enter__
    self.host = self.configure_host()
                ^^^^^^^^^^^^^^^^^^^^^
  File "/usr/local/lib/python3.12/site-packages/flask_mail.py", line 165, in configure_host
    host.login(self.mail.username, self.mail.password)
  File "/usr/local/lib/python3.12/smtplib.py", line 750, in login
    raise last_exception
  File "/usr/local/lib/python3.12/smtplib.py", line 739, in login
    (code, resp) = self.auth(
                   ^^^^^^^^^^
  File "/usr/local/lib/python3.12/smtplib.py", line 662, in auth
    raise SMTPAuthenticationError(code, resp)
smtplib.SMTPAuthenticationError: (535, b'5.7.8 Username and Password not accepted. For more information, go to\n5.7.8  https://support.google.com/mail/?p=BadCredentials d2e1a72fcca58-842829188b9sm12233915b3a.59 - gsmtp')
2026-06-06 09:32:21 | [1mSOC_EMAIL[0m | [96m[DEBUG][0m | Attempting to send 2FA code to: admin@socdashboard.com
2026-06-06 09:32:21 | [1mSOC_EMAIL[0m | [92m[INFO][0m | 📧 SENDING 2FA CODE EMAIL | Recipient: admin@socdashboard.com
2026-06-06 09:32:23 | [1mSOC_EMAIL[0m | [91m[ERROR][0m | ❌ FAILED TO SEND 2FA CODE EMAIL | Recipient: admin@socdashboard.com | Error: (535, b'5.7.8 Username and Password not accepted. For more information, go to\n5.7.8  https://support.google.com/mail/?p=BadCredentials 98e67ed59e1d1-371347ebf5csm3045963a91.2 - gsmtp')
Traceback (most recent call last):
  File "/workspace/app/utils/email.py", line 30, in send_2fa_code_email
    mail.send(msg)
  File "/usr/local/lib/python3.12/site-packages/flask_mail.py", line 491, in send
    with self.connect() as connection:
         ^^^^^^^^^^^^^^
  File "/usr/local/lib/python3.12/site-packages/flask_mail.py", line 144, in __enter__
    self.host = self.configure_host()
                ^^^^^^^^^^^^^^^^^^^^^
  File "/usr/local/lib/python3.12/site-packages/flask_mail.py", line 165, in configure_host
    host.login(self.mail.username, self.mail.password)
  File "/usr/local/lib/python3.12/smtplib.py", line 750, in login
    raise last_exception
  File "/usr/local/lib/python3.12/smtplib.py", line 739, in login
    (code, resp) = self.auth(
                   ^^^^^^^^^^
  File "/usr/local/lib/python3.12/smtplib.py", line 662, in auth
    raise SMTPAuthenticationError(code, resp)
smtplib.SMTPAuthenticationError: (535, b'5.7.8 Username and Password not accepted. For more information, go to\n5.7.8  https://support.google.com/mail/?p=BadCredentials 98e67ed59e1d1-371347ebf5csm3045963a91.2 - gsmtp')
2026-06-06 09:32:58 | [1mSOC_EMAIL[0m | [96m[DEBUG][0m | Attempting to send security alert to admin: admin@socdashboard.com
2026-06-06 09:32:58 | [1mSOC_EMAIL[0m | [93m[WARNING][0m | 🚨 SENDING SECURITY ALERT EMAIL | Admin: admin@socdashboard.com | Subject: IP Blocked - FAILED_LOGIN
2026-06-06 09:32:59 | [1mSOC_EMAIL[0m | [91m[ERROR][0m | ❌ FAILED TO SEND SECURITY ALERT | Admin: admin@socdashboard.com | Subject: IP Blocked - FAILED_LOGIN | Error: (535, b'5.7.8 Username and Password not accepted. For more information, go to\n5.7.8  https://support.google.com/mail/?p=BadCredentials d9443c01a7336-2c164f9ed6csm118438285ad.31 - gsmtp')
Traceback (most recent call last):
  File "/workspace/app/utils/email.py", line 99, in send_security_alert_email
    mail.send(msg)
  File "/usr/local/lib/python3.12/site-packages/flask_mail.py", line 491, in send
    with self.connect() as connection:
         ^^^^^^^^^^^^^^
  File "/usr/local/lib/python3.12/site-packages/flask_mail.py", line 144, in __enter__
    self.host = self.configure_host()
                ^^^^^^^^^^^^^^^^^^^^^
  File "/usr/local/lib/python3.12/site-packages/flask_mail.py", line 165, in configure_host
    host.login(self.mail.username, self.mail.password)
  File "/usr/local/lib/python3.12/smtplib.py", line 750, in login
    raise last_exception
  File "/usr/local/lib/python3.12/smtplib.py", line 739, in login
    (code, resp) = self.auth(
                   ^^^^^^^^^^
  File "/usr/local/lib/python3.12/smtplib.py", line 662, in auth
    raise SMTPAuthenticationError(code, resp)
smtplib.SMTPAuthenticationError: (535, b'5.7.8 Username and Password not accepted. For more information, go to\n5.7.8  https://support.google.com/mail/?p=BadCredentials d9443c01a7336-2c164f9ed6csm118438285ad.31 - gsmtp')
2026-06-06 12:49:52 | [1mSOC_EMAIL[0m | [96m[DEBUG][0m | Attempting to send security alert to admin: admin@socdashboard.com
2026-06-06 12:49:52 | [1mSOC_EMAIL[0m | [93m[WARNING][0m | 🚨 SENDING SECURITY ALERT EMAIL | Admin: admin@socdashboard.com | Subject: IP Blocked - FAILED_LOGIN
2026-06-06 12:49:54 | [1mSOC_EMAIL[0m | [91m[ERROR][0m | ❌ FAILED TO SEND SECURITY ALERT | Admin: admin@socdashboard.com | Subject: IP Blocked - FAILED_LOGIN | Error: (535, b'5.7.8 Username and Password not accepted. For more information, go to\n5.7.8  https://support.google.com/mail/?p=BadCredentials d9443c01a7336-2c1664ad172sm125453905ad.83 - gsmtp')
Traceback (most recent call last):
  File "/workspace/app/utils/email.py", line 99, in send_security_alert_email
    mail.send(msg)
  File "/usr/local/lib/python3.12/site-packages/flask_mail/__init__.py", line 539, in send
    with self.connect() as connection:
         ^^^^^^^^^^^^^^
  File "/usr/local/lib/python3.12/site-packages/flask_mail/__init__.py", line 127, in __enter__
    self.host = self.configure_host()
                ^^^^^^^^^^^^^^^^^^^^^
  File "/usr/local/lib/python3.12/site-packages/flask_mail/__init__.py", line 152, in configure_host
    host.login(self.mail.username, self.mail.password)
  File "/usr/local/lib/python3.12/smtplib.py", line 750, in login
    raise last_exception
  File "/usr/local/lib/python3.12/smtplib.py", line 739, in login
    (code, resp) = self.auth(
                   ^^^^^^^^^^
  File "/usr/local/lib/python3.12/smtplib.py", line 662, in auth
    raise SMTPAuthenticationError(code, resp)
smtplib.SMTPAuthenticationError: (535, b'5.7.8 Username and Password not accepted. For more information, go to\n5.7.8  https://support.google.com/mail/?p=BadCredentials d9443c01a7336-2c1664ad172sm125453905ad.83 - gsmtp')
